


ARM Macro Assembler    Page 1 


    1 00000000         ; LCD.s
    2 00000000         ; Student names: Marzooq Shah and Shriya Vijay
    3 00000000         ; Last modification date: Apr 13, 2022
    4 00000000         
    5 00000000         ; Runs on TM4C123
    6 00000000         ; Use SSI0 to send an 8-bit code to the ST7735 160x128 p
                       ixel LCD.
    7 00000000         
    8 00000000         ; As part of Lab 7, students need to implement these wri
                       tecommand and writedata
    9 00000000         ; This driver assumes two low-level LCD functions
   10 00000000         
   11 00000000         ; Backlight (pin 10) connected to +3.3 V
   12 00000000         ; MISO (pin 9) unconnected
   13 00000000         ; SCK (pin 8) connected to PA2 (SSI0Clk)
   14 00000000         ; MOSI (pin 7) connected to PA5 (SSI0Tx)
   15 00000000         ; TFT_CS (pin 6) connected to PA3 (SSI0Fss)
   16 00000000         ; CARD_CS (pin 5) unconnected
   17 00000000         ; Data/Command (pin 4) connected to PA6 (GPIO)
   18 00000000         ; RESET (pin 3) connected to PA7 (GPIO)
   19 00000000         ; VCC (pin 2) connected to +3.3 V
   20 00000000         ; Gnd (pin 1) connected to ground
   21 00000000         
   22 00000000 400043FC 
                       GPIO_PORTA_DATA_R
                               EQU              0x400043FC
   23 00000000 40008008 
                       SSI0_DR_R
                               EQU              0x40008008
   24 00000000 4000800C 
                       SSI0_SR_R
                               EQU              0x4000800C
   25 00000000         
   26 00000000                 EXPORT           writecommand
   27 00000000                 EXPORT           writedata
   28 00000000         
   29 00000000                 AREA             |.text|, CODE, READONLY, ALIGN=
2
   30 00000000                 THUMB
   31 00000000                 ALIGN
   32 00000000         
   33 00000000         ; The Data/Command pin must be valid when the eighth bit
                        is
   34 00000000         ; sent.  The SSI module has hardware input and output FI
                       FOs
   35 00000000         ; that are 8 locations deep.  Based on the observation t
                       hat
   36 00000000         ; the LCD interface tends to send a few commands and the
                       n a
   37 00000000         ; lot of data, the FIFOs are not used when writing
   38 00000000         ; commands, and they are used when writing data.  This
   39 00000000         ; ensures that the Data/Command pin status matches the b
                       yte
   40 00000000         ; that is actually being transmitted.
   41 00000000         ; The write command operation waits until all data has b
                       een
   42 00000000         ; sent, configures the Data/Command pin for commands, se
                       nds
   43 00000000         ; the command, and then waits for the transmission to



ARM Macro Assembler    Page 2 


   44 00000000         ; finish.
   45 00000000         ; The write data operation waits until there is room in 
                       the
   46 00000000         ; transmit FIFO, configures the Data/Command pin for dat
                       a,
   47 00000000         ; and then adds the data to the transmit FIFO.
   48 00000000         ; NOTE: These functions will crash or stall indefinitely
                        if
   49 00000000         ; the SSI0 module is not initialized and enabled.
   50 00000000         
   51 00000000         ; This is a helper function that sends an 8-bit command 
                       to the LCD.
   52 00000000         ; Input: R0  8-bit command to transmit
   53 00000000         ; Output: none
   54 00000000         ; Assumes: SSI0 and port A have already been initialized
                        and enabled
   55 00000000         writecommand
   56 00000000         ;; --UUU-- Code to write a command to the LCD
   57 00000000         ;1) Read SSI0_SR_R and check bit 4, 
   58 00000000         ;2) If bit 4 is high, loop back to step 1 (wait for BUSY
                        bit to be low)
   59 00000000         ;3) Clear D/C=PA6 to zero
   60 00000000         ;4) Write the command to SSI0_DR_R
   61 00000000         ;5) Read SSI0_SR_R and check bit 4, 
   62 00000000         ;6) If bit 4 is high, loop back to step 5 (wait for BUSY
                        bit to be low)
   63 00000000         
   64 00000000 B41E            PUSH{R1-R4}
   65 00000002         
   66 00000002         loop1
   67 00000002 4911            LDR              R1, =SSI0_SR_R
   68 00000004 6809            LDR              R1, [R1]
   69 00000006 F011 0110       ANDS             R1, #0x10
   70 0000000A D1FA            BNE              loop1       ;Check if bit 4 is 
                                                            set 
   71 0000000C         
   72 0000000C 4A0F            LDR              R2, =GPIO_PORTA_DATA_R
   73 0000000E 6814            LDR              R4, [R2]
   74 00000010 F024 0440       BIC              R4, #0x40   ; Clear PA6
   75 00000014 6014            STR              R4, [R2]
   76 00000016 4B0E            LDR              R3, =SSI0_DR_R
   77 00000018 6018            STR              R0, [R3]
   78 0000001A         
   79 0000001A         loop2
   80 0000001A 490B            LDR              R1, =SSI0_SR_R
   81 0000001C 6809            LDR              R1, [R1]
   82 0000001E         
   83 0000001E F011 0110       ANDS             R1, #0x10
   84 00000022 D1FA            BNE              loop2       ;Check if bit 4 is 
                                                            set 
   85 00000024         
   86 00000024 BC1E            POP              {R1-R4}
   87 00000026         
   88 00000026         
   89 00000026         
   90 00000026         
   91 00000026         
   92 00000026 4770            BX               LR          ;   return
   93 00000028         



ARM Macro Assembler    Page 3 


   94 00000028         ; This is a helper function that sends an 8-bit data to 
                       the LCD.
   95 00000028         ; Input: R0  8-bit data to transmit
   96 00000028         ; Output: none
   97 00000028         ; Assumes: SSI0 and port A have already been initialized
                        and enabled
   98 00000028         writedata
   99 00000028         ;; --UUU-- Code to write data to the LCD
  100 00000028         ;1) Read SSI0_SR_R and check bit 1, 
  101 00000028         ;2) If bit 1 is low loop back to step 1 (wait for TNF bi
                       t to be high)
  102 00000028         ;3) Set D/C=PA6 to one
  103 00000028         ;4) Write the 8-bit data to SSI0_DR_R
  104 00000028         
  105 00000028 B41E            PUSH             {R1-R4}
  106 0000002A         
  107 0000002A         loop3
  108 0000002A 4907            LDR              R1, =SSI0_SR_R
  109 0000002C 6809            LDR              R1, [R1]
  110 0000002E         ;LSR R1, #1
  111 0000002E F011 0102       ANDS             R1, #0x02
  112 00000032 D0FA            BEQ              loop3       ;Check if Bit 1 is 
                                                            high
  113 00000034         
  114 00000034 4A05            LDR              R2, =GPIO_PORTA_DATA_R
  115 00000036 6814            LDR              R4, [R2]
  116 00000038 F044 0440       ORR              R4, #0x40   ;Set PA6
  117 0000003C 6014            STR              R4, [R2]
  118 0000003E 4B04            LDR              R3, =SSI0_DR_R
  119 00000040 6018            STR              R0, [R3]
  120 00000042         
  121 00000042 BC1E            POP              {R1-R4}
  122 00000044         
  123 00000044 4770            BX               LR          ;   return
  124 00000046         
  125 00000046         
  126 00000046         ;***************************************************
  127 00000046         ; This is a library for the Adafruit 1.8" SPI display.
  128 00000046         ; This library works with the Adafruit 1.8" TFT Breakout
                        w/SD card
  129 00000046         ; ----> http://www.adafruit.com/products/358
  130 00000046         ; as well as Adafruit raw 1.8" TFT display
  131 00000046         ; ----> http://www.adafruit.com/products/618
  132 00000046         ;
  133 00000046         ; Check out the links above for our tutorials and wiring
                        diagrams
  134 00000046         ; These displays use SPI to communicate, 4 or 5 pins are
                        required to
  135 00000046         ; interface (RST is optional)
  136 00000046         ; Adafruit invests time and resources providing this ope
                       n source code,
  137 00000046         ; please support Adafruit and open-source hardware by pu
                       rchasing
  138 00000046         ; products from Adafruit!
  139 00000046         ;
  140 00000046         ; Written by Limor Fried/Ladyada for Adafruit Industries
                       .
  141 00000046         ; MIT license, all text above must be included in any re
                       distribution



ARM Macro Assembler    Page 4 


  142 00000046         ;****************************************************
  143 00000046         
  144 00000046 00 00           ALIGN                        ; make sure the end
                                                             of this section is
                                                             aligned
  145 00000048                 END                          ; end of file
              4000800C 
              400043FC 
              40008008 
Command Line: --debug --xref --diag_suppress=9931 --cpu=Cortex-M4 --apcs=interw
ork --depend=.\lcd.d -o.\lcd.o -I.\RTE\_GoldMiner -IC:\Users\marzo\AppData\Loca
l\Arm\Packs\ARM\CMSIS\5.8.0\CMSIS\Core\Include -IC:\Users\marzo\AppData\Local\A
rm\Packs\Keil\TM4C_DFP\1.1.0\Device\Include\TM4C123 --predefine="__EVAL SETA 1"
 --predefine="__UVISION_VERSION SETA 536" --predefine="_RTE_ SETA 1" --predefin
e="TM4C123GH6PM SETA 1" --predefine="_RTE_ SETA 1" --list=.\lcd.lst LCD.s



ARM Macro Assembler    Page 1 Alphabetic symbol ordering
Relocatable symbols

.text 00000000

Symbol: .text
   Definitions
      At line 29 in file LCD.s
   Uses
      None
Comment: .text unused
loop1 00000002

Symbol: loop1
   Definitions
      At line 66 in file LCD.s
   Uses
      At line 70 in file LCD.s
Comment: loop1 used once
loop2 0000001A

Symbol: loop2
   Definitions
      At line 79 in file LCD.s
   Uses
      At line 84 in file LCD.s
Comment: loop2 used once
loop3 0000002A

Symbol: loop3
   Definitions
      At line 107 in file LCD.s
   Uses
      At line 112 in file LCD.s
Comment: loop3 used once
writecommand 00000000

Symbol: writecommand
   Definitions
      At line 55 in file LCD.s
   Uses
      At line 26 in file LCD.s
Comment: writecommand used once
writedata 00000028

Symbol: writedata
   Definitions
      At line 98 in file LCD.s
   Uses
      At line 27 in file LCD.s
Comment: writedata used once
6 symbols



ARM Macro Assembler    Page 1 Alphabetic symbol ordering
Absolute symbols

GPIO_PORTA_DATA_R 400043FC

Symbol: GPIO_PORTA_DATA_R
   Definitions
      At line 22 in file LCD.s
   Uses
      At line 72 in file LCD.s
      At line 114 in file LCD.s

SSI0_DR_R 40008008

Symbol: SSI0_DR_R
   Definitions
      At line 23 in file LCD.s
   Uses
      At line 76 in file LCD.s
      At line 118 in file LCD.s

SSI0_SR_R 4000800C

Symbol: SSI0_SR_R
   Definitions
      At line 24 in file LCD.s
   Uses
      At line 67 in file LCD.s
      At line 80 in file LCD.s
      At line 108 in file LCD.s

3 symbols
345 symbols in table
