


ARM Macro Assembler    Page 1 


    1 00000000         ; Print.s
    2 00000000         ; Student names: Marzooq Shah and Shriya Vijay
    3 00000000         ; Last modification date: Apr 13, 2022
    4 00000000         ; Runs on TM4C123
    5 00000000         ; EE319K lab 7 device driver for any LCD
    6 00000000         ;
    7 00000000         ; As part of Lab 7, students need to implement these LCD
                       _OutDec and LCD_OutFix
    8 00000000         ; This driver assumes two low-level LCD functions
    9 00000000         ; ST7735_OutChar   outputs a single 8-bit ASCII characte
                       r
   10 00000000         ; ST7735_OutString outputs a null-terminated string 
   11 00000000         
   12 00000000                 IMPORT           ST7735_OutChar
   13 00000000                 IMPORT           ST7735_OutString
   14 00000000                 EXPORT           LCD_OutDec
   15 00000000                 EXPORT           LCD_OutFix
   16 00000000         
   17 00000000                 PRESERVE8
   18 00000000         
   19 00000000         ;LOCAL VARIABLES
   20 00000000         
   21 00000000        B 
                       FP      RN               11
   22 00000000 00000000 
                       COUNT   EQU              0
   23 00000000 00000004 
                       NUM     EQU              4
   24 00000000 00000000 
                       counter EQU              0
   25 00000000 00000004 
                       NUM2    EQU              4
   26 00000000         
   27 00000000         
   28 00000000                 AREA             |.text|, CODE, READONLY, ALIGN=
2
   29 00000000                 THUMB
   30 00000000         
   31 00000000         
   32 00000000         
   33 00000000         
   34 00000000         ;-----------------------LCD_OutDec----------------------
                       -
   35 00000000         ; Output a 32-bit number in unsigned decimal format
   36 00000000         ; Input: R0 (call by value) 32-bit unsigned number
   37 00000000         ; Output: none
   38 00000000         ; Invariables: This function must not permanently modify
                        registers R4 to R11
   39 00000000         ; R0=0,    then output "0"
   40 00000000         ; R0=3,    then output "3"
   41 00000000         ; R0=89,   then output "89"
   42 00000000         ; R0=123,  then output "123"
   43 00000000         ; R0=9999, then output "9999"
   44 00000000         ; R0=4294967295, then output "4294967295"
   45 00000000         LCD_OutDec
   46 00000000         
   47 00000000 E92D 4BF0       PUSH             {R4-R9, R11, LR}
   48 00000004 B082            SUB              SP, #8
   49 00000006 46EB            MOV              FP, SP



ARM Macro Assembler    Page 2 


   50 00000008 F8CB 0004       STR              R0, [FP, #NUM]
   51 0000000C 2800            CMP              R0, #0
   52 0000000E D01A            BEQ              ZERO
   53 00000010 F04F 0400       MOV              R4, #0
   54 00000014 F8CB 4000       STR              R4, [FP, #COUNT]
   55 00000018 F04F 050A       MOV              R5, #10
   56 0000001C         LOOP
   57 0000001C F8DB 4004       LDR              R4, [FP, #NUM]
   58 00000020 2C00            CMP              R4, #0
   59 00000022 D017            BEQ              NEXT
   60 00000024 FBB4 F6F5       UDIV             R6, R4, R5
   61 00000028 FB06 F705       MUL              R7, R6, R5
   62 0000002C EBA4 0807       SUB              R8, R4, R7
   63 00000030 F84D 8D04       PUSH             {R8}
   64 00000034 F8CB 6004       STR              R6, [FP, #NUM]
   65 00000038 F8DB 6000       LDR              R6, [FP, #COUNT]
   66 0000003C F106 0601       ADD              R6, R6, #1
   67 00000040 F8CB 6000       STR              R6, [FP, #COUNT]
   68 00000044 E7EA            B                LOOP
   69 00000046         
   70 00000046         ZERO
   71 00000046 B401            PUSH{R0}
   72 00000048 F8DB 4000       LDR              R4, [FP, #COUNT]
   73 0000004C F104 0401       ADD              R4, #1
   74 00000050 F8CB 4000       STR              R4, [FP, #COUNT]
   75 00000054         
   76 00000054         NEXT
   77 00000054 F8DB 4000       LDR              R4, [FP, #COUNT]
   78 00000058 2C00            CMP              R4, #0
   79 0000005A D009            BEQ              DONE
   80 0000005C BC01            POP              {R0}
   81 0000005E F100 0030       ADD              R0, #0x30
   82 00000062 F7FF FFFE       BL               ST7735_OutChar
   83 00000066 F1A4 0401       SUB              R4, #1
   84 0000006A F8CB 4000       STR              R4, [FP, #COUNT]
   85 0000006E E7F1            B                NEXT
   86 00000070         
   87 00000070         DONE
   88 00000070 B002            ADD              SP, #8
   89 00000072 E8BD 4BF0       POP              {R4-R9, R11, LR}
   90 00000076         
   91 00000076 4770            BX               LR
   92 00000078         ;* * * * * * * * End of LCD_OutDec * * * * * * * *
   93 00000078         
   94 00000078         ; -----------------------LCD _OutFix--------------------
                       --
   95 00000078         ; Output characters to LCD display in fixed-point format
                       
   96 00000078         ; unsigned decimal, resolution 0.001, range 0.000 to 9.9
                       99
   97 00000078         ; Inputs:  R0 is an unsigned 32-bit number
   98 00000078         ; Outputs: none
   99 00000078         ; E.g., R0=0,    then output "0.000"
  100 00000078         ;       R0=3,    then output "0.003"
  101 00000078         ;       R0=89,   then output "0.089"
  102 00000078         ;       R0=123,  then output "0.123"
  103 00000078         ;       R0=9999, then output "9.999"
  104 00000078         ;       R0>9999, then output "*.***"
  105 00000078         ; Invariables: This function must not permanently modify



ARM Macro Assembler    Page 3 


                        registers R4 to R11
  106 00000078         LCD_OutFix
  107 00000078         
  108 00000078 E92D 4BF0       PUSH             {R4-R9, R11, LR}
  109 0000007C B082            SUB              SP, #8
  110 0000007E 46EB            MOV              FP, SP
  111 00000080 F8CB 0004       STR              R0, [FP, #NUM2]
  112 00000084 F04F 0400       MOV              R4, #0
  113 00000088 F8CB 4000       STR              R4, [FP, #counter]
  114 0000008C F04F 050A       MOV              R5, #10
  115 00000090         
  116 00000090         ;If R0 > 9999 Edge case
  117 00000090 F242 740F       MOV              R4, #9999
  118 00000094 1B01            SUBS             R1, R0, R4
  119 00000096 D822            BHI              Edge
  120 00000098         
  121 00000098         loopOut
  122 00000098 F8DB 3000       LDR              R3, [FP, #counter]
  123 0000009C 2B05            CMP              R3, #5
  124 0000009E D033            BEQ              Output
  125 000000A0 2B03            CMP              R3, #3
  126 000000A2 D014            BEQ              Point
  127 000000A4 F8DB 4004       LDR              R4, [FP, #NUM2]
  128 000000A8 FBB4 F6F5       UDIV             R6, R4, R5
  129 000000AC FB06 F705       MUL              R7, R6, R5
  130 000000B0 EBA4 0807       SUB              R8, R4, R7
  131 000000B4 F108 0830       ADD              R8, #0x30
  132 000000B8 F84D 8D04       PUSH             {R8}
  133 000000BC F8CB 6004       STR              R6, [FP, #NUM2]
  134 000000C0 F8DB 6000       LDR              R6, [FP, #counter]
  135 000000C4 F106 0601       ADD              R6, R6, #1
  136 000000C8 F8CB 6000       STR              R6, [FP, #counter]
  137 000000CC E7E4            B                loopOut
  138 000000CE         
  139 000000CE         Point
  140 000000CE F04F 062E       MOV              R6, #0x2E
  141 000000D2 B440            PUSH             {R6}
  142 000000D4 F103 0301       ADD              R3, #1
  143 000000D8 F8CB 3000       STR              R3, [FP, #counter]
  144 000000DC E7DC            B                loopOut
  145 000000DE         
  146 000000DE         Edge
  147 000000DE F04F 002A       MOV              R0, #0x2A
  148 000000E2 F7FF FFFE       BL               ST7735_OutChar
  149 000000E6 F04F 002E       MOV              R0, #0x2E
  150 000000EA F7FF FFFE       BL               ST7735_OutChar
  151 000000EE F04F 002A       MOV              R0, #0x2A
  152 000000F2 F7FF FFFE       BL               ST7735_OutChar
  153 000000F6 F04F 002A       MOV              R0, #0x2A
  154 000000FA F7FF FFFE       BL               ST7735_OutChar
  155 000000FE F04F 002A       MOV              R0, #0x2A
  156 00000102 F7FF FFFE       BL               ST7735_OutChar
  157 00000106         
  158 00000106 E00A            B                Finished
  159 00000108         
  160 00000108         Output
  161 00000108 F8DB 4000       LDR              R4, [FP, #counter]
  162 0000010C 2C00            CMP              R4, #0
  163 0000010E D006            BEQ              Finished



ARM Macro Assembler    Page 4 


  164 00000110 BC01            POP              {R0}
  165 00000112 F7FF FFFE       BL               ST7735_OutChar
  166 00000116 3C01            SUBS             R4, #1
  167 00000118 F8CB 4000       STR              R4, [FP, #counter]
  168 0000011C E7F4            B                Output
  169 0000011E         
  170 0000011E         Finished
  171 0000011E B002            ADD              SP, #8
  172 00000120 E8BD 4BF0       POP              {R4-R9, R11, LR}
  173 00000124         
  174 00000124 4770            BX               LR
  175 00000126         
  176 00000126 00 00           ALIGN
  177 00000128         ;* * * * * * * * End of LCD_OutFix * * * * * * * *
  178 00000128         
  179 00000128                 ALIGN                        ; make sure the end
                                                             of this section is
                                                             aligned
  180 00000128                 END                          ; end of file
Command Line: --debug --xref --diag_suppress=9931 --cpu=Cortex-M4 --apcs=interw
ork --depend=.\print.d -o.\print.o -I.\RTE\_GoldMiner -IC:\Users\marzo\AppData\
Local\Arm\Packs\ARM\CMSIS\5.8.0\CMSIS\Core\Include -IC:\Users\marzo\AppData\Loc
al\Arm\Packs\Keil\TM4C_DFP\1.1.0\Device\Include\TM4C123 --predefine="__EVAL SET
A 1" --predefine="__UVISION_VERSION SETA 536" --predefine="_RTE_ SETA 1" --pred
efine="TM4C123GH6PM SETA 1" --predefine="_RTE_ SETA 1" --list=.\print.lst Print
.s



ARM Macro Assembler    Page 1 Alphabetic symbol ordering
Relocatable symbols

.text 00000000

Symbol: .text
   Definitions
      At line 28 in file Print.s
   Uses
      None
Comment: .text unused
DONE 00000070

Symbol: DONE
   Definitions
      At line 87 in file Print.s
   Uses
      At line 79 in file Print.s
Comment: DONE used once
Edge 000000DE

Symbol: Edge
   Definitions
      At line 146 in file Print.s
   Uses
      At line 119 in file Print.s
Comment: Edge used once
Finished 0000011E

Symbol: Finished
   Definitions
      At line 170 in file Print.s
   Uses
      At line 158 in file Print.s
      At line 163 in file Print.s

LCD_OutDec 00000000

Symbol: LCD_OutDec
   Definitions
      At line 45 in file Print.s
   Uses
      At line 14 in file Print.s
Comment: LCD_OutDec used once
LCD_OutFix 00000078

Symbol: LCD_OutFix
   Definitions
      At line 106 in file Print.s
   Uses
      At line 15 in file Print.s
Comment: LCD_OutFix used once
LOOP 0000001C

Symbol: LOOP
   Definitions
      At line 56 in file Print.s
   Uses
      At line 68 in file Print.s
Comment: LOOP used once
NEXT 00000054




ARM Macro Assembler    Page 2 Alphabetic symbol ordering
Relocatable symbols

Symbol: NEXT
   Definitions
      At line 76 in file Print.s
   Uses
      At line 59 in file Print.s
      At line 85 in file Print.s

Output 00000108

Symbol: Output
   Definitions
      At line 160 in file Print.s
   Uses
      At line 124 in file Print.s
      At line 168 in file Print.s

Point 000000CE

Symbol: Point
   Definitions
      At line 139 in file Print.s
   Uses
      At line 126 in file Print.s
Comment: Point used once
ZERO 00000046

Symbol: ZERO
   Definitions
      At line 70 in file Print.s
   Uses
      At line 52 in file Print.s
Comment: ZERO used once
loopOut 00000098

Symbol: loopOut
   Definitions
      At line 121 in file Print.s
   Uses
      At line 137 in file Print.s
      At line 144 in file Print.s

12 symbols



ARM Macro Assembler    Page 1 Alphabetic symbol ordering
Absolute symbols

COUNT 00000000

Symbol: COUNT
   Definitions
      At line 22 in file Print.s
   Uses
      At line 54 in file Print.s
      At line 65 in file Print.s
      At line 67 in file Print.s
      At line 72 in file Print.s
      At line 74 in file Print.s
      At line 77 in file Print.s
      At line 84 in file Print.s

NUM 00000004

Symbol: NUM
   Definitions
      At line 23 in file Print.s
   Uses
      At line 50 in file Print.s
      At line 57 in file Print.s
      At line 64 in file Print.s

NUM2 00000004

Symbol: NUM2
   Definitions
      At line 25 in file Print.s
   Uses
      At line 111 in file Print.s
      At line 127 in file Print.s
      At line 133 in file Print.s

counter 00000000

Symbol: counter
   Definitions
      At line 24 in file Print.s
   Uses
      At line 113 in file Print.s
      At line 122 in file Print.s
      At line 134 in file Print.s
      At line 136 in file Print.s
      At line 143 in file Print.s
      At line 161 in file Print.s
      At line 167 in file Print.s

4 symbols



ARM Macro Assembler    Page 1 Alphabetic symbol ordering
External symbols

ST7735_OutChar 00000000

Symbol: ST7735_OutChar
   Definitions
      At line 12 in file Print.s
   Uses
      At line 82 in file Print.s
      At line 148 in file Print.s
      At line 150 in file Print.s
      At line 152 in file Print.s
      At line 154 in file Print.s
      At line 156 in file Print.s
      At line 165 in file Print.s

ST7735_OutString 00000000

Symbol: ST7735_OutString
   Definitions
      At line 13 in file Print.s
   Uses
      None
Comment: ST7735_OutString unused
2 symbols
352 symbols in table
